<?xml version="1.0" encoding="UTF-8"?>
<testsuite name="junit.framework.TestSuite$1" tests="1" skipped="1" failures="0" errors="0" timestamp="2016-07-16T19:13:28" hostname="monster" time="0.0">
  <properties/>
  <testcase name="warning" classname="junit.framework.TestSuite$1" time="0.0">
    <skipped/>
  </testcase>
  <system-out><![CDATA[]]></system-out>
  <system-err><![CDATA[]]></system-err>
</testsuite>
